<?xml version="1.0" encoding="UTF-8"?>
<testsuite xmlns:xsi="http://www.w3.org/2001/XMLSchema-instance" xsi:noNamespaceSchemaLocation="https://maven.apache.org/surefire/maven-surefire-plugin/xsd/surefire-test-report.xsd" name="com.slotegrator.api.STFUAPITests" time="12.178" tests="3" errors="0" skipped="0" failures="1">
  <properties>
    <property name="gopherProxySet" value="false"/>
    <property name="awt.toolkit" value="sun.lwawt.macosx.LWCToolkit"/>
    <property name="file.encoding.pkg" value="sun.io"/>
    <property name="java.specification.version" value="1.8"/>
    <property name="sun.cpu.isalist" value=""/>
    <property name="sun.jnu.encoding" value="UTF-8"/>
    <property name="java.class.path" value="/Users/maksymkriventsev/IdeaProjects/STFU/target/test-classes:/Users/maksymkriventsev/IdeaProjects/STFU/target/classes:/Users/maksymkriventsev/.m2/repository/org/junit/jupiter/junit-jupiter-engine/5.5.2/junit-jupiter-engine-5.5.2.jar:/Users/maksymkriventsev/.m2/repository/org/apiguardian/apiguardian-api/1.1.0/apiguardian-api-1.1.0.jar:/Users/maksymkriventsev/.m2/repository/org/junit/platform/junit-platform-engine/1.5.2/junit-platform-engine-1.5.2.jar:/Users/maksymkriventsev/.m2/repository/org/opentest4j/opentest4j/1.2.0/opentest4j-1.2.0.jar:/Users/maksymkriventsev/.m2/repository/org/junit/platform/junit-platform-commons/1.5.2/junit-platform-commons-1.5.2.jar:/Users/maksymkriventsev/.m2/repository/org/junit/jupiter/junit-jupiter-api/5.5.2/junit-jupiter-api-5.5.2.jar:/Users/maksymkriventsev/.m2/repository/junit/junit/4.12/junit-4.12.jar:/Users/maksymkriventsev/.m2/repository/org/hamcrest/hamcrest-core/1.3/hamcrest-core-1.3.jar:/Users/maksymkriventsev/.m2/repository/com/tngtech/java/junit-dataprovider/1.10.0/junit-dataprovider-1.10.0.jar:/Users/maksymkriventsev/.m2/repository/io/rest-assured/rest-assured/4.1.2/rest-assured-4.1.2.jar:/Users/maksymkriventsev/.m2/repository/org/codehaus/groovy/groovy/2.5.8/groovy-2.5.8.jar:/Users/maksymkriventsev/.m2/repository/org/codehaus/groovy/groovy-xml/2.5.8/groovy-xml-2.5.8.jar:/Users/maksymkriventsev/.m2/repository/org/apache/httpcomponents/httpclient/4.5.3/httpclient-4.5.3.jar:/Users/maksymkriventsev/.m2/repository/org/apache/httpcomponents/httpcore/4.4.6/httpcore-4.4.6.jar:/Users/maksymkriventsev/.m2/repository/commons-logging/commons-logging/1.2/commons-logging-1.2.jar:/Users/maksymkriventsev/.m2/repository/commons-codec/commons-codec/1.9/commons-codec-1.9.jar:/Users/maksymkriventsev/.m2/repository/org/apache/httpcomponents/httpmime/4.5.3/httpmime-4.5.3.jar:/Users/maksymkriventsev/.m2/repository/org/hamcrest/hamcrest/2.1/hamcrest-2.1.jar:/Users/maksymkriventsev/.m2/repository/org/ccil/cowan/tagsoup/tagsoup/1.2.1/tagsoup-1.2.1.jar:/Users/maksymkriventsev/.m2/repository/io/rest-assured/json-path/4.1.2/json-path-4.1.2.jar:/Users/maksymkriventsev/.m2/repository/org/codehaus/groovy/groovy-json/2.5.8/groovy-json-2.5.8.jar:/Users/maksymkriventsev/.m2/repository/io/rest-assured/rest-assured-common/4.1.2/rest-assured-common-4.1.2.jar:/Users/maksymkriventsev/.m2/repository/io/rest-assured/xml-path/4.1.2/xml-path-4.1.2.jar:/Users/maksymkriventsev/.m2/repository/org/apache/commons/commons-lang3/3.4/commons-lang3-3.4.jar:/Users/maksymkriventsev/.m2/repository/javax/xml/bind/jaxb-api/2.3.1/jaxb-api-2.3.1.jar:/Users/maksymkriventsev/.m2/repository/javax/activation/javax.activation-api/1.2.0/javax.activation-api-1.2.0.jar:/Users/maksymkriventsev/.m2/repository/com/sun/xml/bind/jaxb-osgi/2.3.0.1/jaxb-osgi-2.3.0.1.jar:/Users/maksymkriventsev/.m2/repository/org/apache/sling/org.apache.sling.javax.activation/0.1.0/org.apache.sling.javax.activation-0.1.0.jar:/Users/maksymkriventsev/.m2/repository/javax/activation/activation/1.1.1/activation-1.1.1.jar:/Users/maksymkriventsev/.m2/repository/org/json/json/20090211/json-20090211.jar:/Users/maksymkriventsev/.m2/repository/io/rest-assured/json-schema-validator/4.1.2/json-schema-validator-4.1.2.jar:/Users/maksymkriventsev/.m2/repository/com/github/java-json-tools/json-schema-validator/2.2.10/json-schema-validator-2.2.10.jar:/Users/maksymkriventsev/.m2/repository/com/github/java-json-tools/json-schema-core/1.2.10/json-schema-core-1.2.10.jar:/Users/maksymkriventsev/.m2/repository/com/github/java-json-tools/jackson-coreutils/1.9/jackson-coreutils-1.9.jar:/Users/maksymkriventsev/.m2/repository/io/rest-assured/spring-mock-mvc/4.1.2/spring-mock-mvc-4.1.2.jar:/Users/maksymkriventsev/.m2/repository/io/rest-assured/spring-commons/4.1.2/spring-commons-4.1.2.jar:/Users/maksymkriventsev/.m2/repository/org/springframework/spring-test/4.3.23.RELEASE/spring-test-4.3.23.RELEASE.jar:/Users/maksymkriventsev/.m2/repository/org/springframework/spring-core/4.3.23.RELEASE/spring-core-4.3.23.RELEASE.jar:/Users/maksymkriventsev/.m2/repository/org/springframework/spring-webmvc/4.3.23.RELEASE/spring-webmvc-4.3.23.RELEASE.jar:/Users/maksymkriventsev/.m2/repository/org/springframework/spring-aop/4.3.23.RELEASE/spring-aop-4.3.23.RELEASE.jar:/Users/maksymkriventsev/.m2/repository/org/springframework/spring-beans/4.3.23.RELEASE/spring-beans-4.3.23.RELEASE.jar:/Users/maksymkriventsev/.m2/repository/org/springframework/spring-expression/4.3.23.RELEASE/spring-expression-4.3.23.RELEASE.jar:/Users/maksymkriventsev/.m2/repository/org/springframework/spring-web/4.3.23.RELEASE/spring-web-4.3.23.RELEASE.jar:/Users/maksymkriventsev/.m2/repository/io/rest-assured/spring-web-test-client/4.1.2/spring-web-test-client-4.1.2.jar:/Users/maksymkriventsev/.m2/repository/org/springframework/spring-context/5.1.0.RELEASE/spring-context-5.1.0.RELEASE.jar:/Users/maksymkriventsev/.m2/repository/org/springframework/spring-webflux/5.1.0.RELEASE/spring-webflux-5.1.0.RELEASE.jar:/Users/maksymkriventsev/.m2/repository/io/projectreactor/reactor-core/3.2.0.RELEASE/reactor-core-3.2.0.RELEASE.jar:/Users/maksymkriventsev/.m2/repository/org/reactivestreams/reactive-streams/1.0.2/reactive-streams-1.0.2.jar:/Users/maksymkriventsev/.m2/repository/com/github/fge/json-schema-validator/2.2.6/json-schema-validator-2.2.6.jar:/Users/maksymkriventsev/.m2/repository/com/google/code/findbugs/jsr305/3.0.0/jsr305-3.0.0.jar:/Users/maksymkriventsev/.m2/repository/joda-time/joda-time/2.3/joda-time-2.3.jar:/Users/maksymkriventsev/.m2/repository/com/googlecode/libphonenumber/libphonenumber/6.2/libphonenumber-6.2.jar:/Users/maksymkriventsev/.m2/repository/javax/mail/mailapi/1.4.3/mailapi-1.4.3.jar:/Users/maksymkriventsev/.m2/repository/net/sf/jopt-simple/jopt-simple/4.6/jopt-simple-4.6.jar:/Users/maksymkriventsev/.m2/repository/com/github/fge/json-schema-core/1.2.5/json-schema-core-1.2.5.jar:/Users/maksymkriventsev/.m2/repository/com/github/fge/uri-template/0.9/uri-template-0.9.jar:/Users/maksymkriventsev/.m2/repository/com/github/fge/msg-simple/1.1/msg-simple-1.1.jar:/Users/maksymkriventsev/.m2/repository/com/github/fge/btf/1.2/btf-1.2.jar:/Users/maksymkriventsev/.m2/repository/com/google/guava/guava/16.0.1/guava-16.0.1.jar:/Users/maksymkriventsev/.m2/repository/com/github/fge/jackson-coreutils/1.8/jackson-coreutils-1.8.jar:/Users/maksymkriventsev/.m2/repository/com/fasterxml/jackson/core/jackson-databind/2.2.3/jackson-databind-2.2.3.jar:/Users/maksymkriventsev/.m2/repository/com/fasterxml/jackson/core/jackson-annotations/2.2.3/jackson-annotations-2.2.3.jar:/Users/maksymkriventsev/.m2/repository/com/fasterxml/jackson/core/jackson-core/2.2.3/jackson-core-2.2.3.jar:/Users/maksymkriventsev/.m2/repository/org/mozilla/rhino/1.7R4/rhino-1.7R4.jar:/Users/maksymkriventsev/.m2/repository/org/basex/basex/8.6.7/basex-8.6.7.jar:/Users/maksymkriventsev/.m2/repository/com/googlecode/json-simple/json-simple/1.1.1/json-simple-1.1.1.jar:/Users/maksymkriventsev/.m2/repository/com/github/javafaker/javafaker/1.0.1/javafaker-1.0.1.jar:/Users/maksymkriventsev/.m2/repository/org/yaml/snakeyaml/1.23/snakeyaml-1.23-android.jar:/Users/maksymkriventsev/.m2/repository/com/github/mifmif/generex/1.0.2/generex-1.0.2.jar:/Users/maksymkriventsev/.m2/repository/dk/brics/automaton/automaton/1.11-8/automaton-1.11-8.jar:/Users/maksymkriventsev/.m2/repository/org/assertj/assertj-core/3.8.0/assertj-core-3.8.0.jar:"/>
    <property name="java.vm.vendor" value="Oracle Corporation"/>
    <property name="sun.arch.data.model" value="64"/>
    <property name="java.vendor.url" value="http://java.oracle.com/"/>
    <property name="user.timezone" value=""/>
    <property name="java.vm.specification.version" value="1.8"/>
    <property name="os.name" value="Mac OS X"/>
    <property name="user.country" value="UA"/>
    <property name="sun.java.launcher" value="SUN_STANDARD"/>
    <property name="sun.boot.library.path" value="/Library/Java/JavaVirtualMachines/jdk1.8.0_221.jdk/Contents/Home/jre/lib"/>
    <property name="sun.java.command" value="/Users/maksymkriventsev/IdeaProjects/STFU/target/surefire/surefirebooter8609918739277764300.jar /Users/maksymkriventsev/IdeaProjects/STFU/target/surefire 2019-12-09T03-47-22_625-jvmRun1 surefire630840476071673231tmp surefire_08033542298662957508tmp"/>
    <property name="http.nonProxyHosts" value="local|*.local|169.254/16|*.169.254/16"/>
    <property name="surefire.test.class.path" value="/Users/maksymkriventsev/IdeaProjects/STFU/target/test-classes:/Users/maksymkriventsev/IdeaProjects/STFU/target/classes:/Users/maksymkriventsev/.m2/repository/org/junit/jupiter/junit-jupiter-engine/5.5.2/junit-jupiter-engine-5.5.2.jar:/Users/maksymkriventsev/.m2/repository/org/apiguardian/apiguardian-api/1.1.0/apiguardian-api-1.1.0.jar:/Users/maksymkriventsev/.m2/repository/org/junit/platform/junit-platform-engine/1.5.2/junit-platform-engine-1.5.2.jar:/Users/maksymkriventsev/.m2/repository/org/opentest4j/opentest4j/1.2.0/opentest4j-1.2.0.jar:/Users/maksymkriventsev/.m2/repository/org/junit/platform/junit-platform-commons/1.5.2/junit-platform-commons-1.5.2.jar:/Users/maksymkriventsev/.m2/repository/org/junit/jupiter/junit-jupiter-api/5.5.2/junit-jupiter-api-5.5.2.jar:/Users/maksymkriventsev/.m2/repository/junit/junit/4.12/junit-4.12.jar:/Users/maksymkriventsev/.m2/repository/org/hamcrest/hamcrest-core/1.3/hamcrest-core-1.3.jar:/Users/maksymkriventsev/.m2/repository/com/tngtech/java/junit-dataprovider/1.10.0/junit-dataprovider-1.10.0.jar:/Users/maksymkriventsev/.m2/repository/io/rest-assured/rest-assured/4.1.2/rest-assured-4.1.2.jar:/Users/maksymkriventsev/.m2/repository/org/codehaus/groovy/groovy/2.5.8/groovy-2.5.8.jar:/Users/maksymkriventsev/.m2/repository/org/codehaus/groovy/groovy-xml/2.5.8/groovy-xml-2.5.8.jar:/Users/maksymkriventsev/.m2/repository/org/apache/httpcomponents/httpclient/4.5.3/httpclient-4.5.3.jar:/Users/maksymkriventsev/.m2/repository/org/apache/httpcomponents/httpcore/4.4.6/httpcore-4.4.6.jar:/Users/maksymkriventsev/.m2/repository/commons-logging/commons-logging/1.2/commons-logging-1.2.jar:/Users/maksymkriventsev/.m2/repository/commons-codec/commons-codec/1.9/commons-codec-1.9.jar:/Users/maksymkriventsev/.m2/repository/org/apache/httpcomponents/httpmime/4.5.3/httpmime-4.5.3.jar:/Users/maksymkriventsev/.m2/repository/org/hamcrest/hamcrest/2.1/hamcrest-2.1.jar:/Users/maksymkriventsev/.m2/repository/org/ccil/cowan/tagsoup/tagsoup/1.2.1/tagsoup-1.2.1.jar:/Users/maksymkriventsev/.m2/repository/io/rest-assured/json-path/4.1.2/json-path-4.1.2.jar:/Users/maksymkriventsev/.m2/repository/org/codehaus/groovy/groovy-json/2.5.8/groovy-json-2.5.8.jar:/Users/maksymkriventsev/.m2/repository/io/rest-assured/rest-assured-common/4.1.2/rest-assured-common-4.1.2.jar:/Users/maksymkriventsev/.m2/repository/io/rest-assured/xml-path/4.1.2/xml-path-4.1.2.jar:/Users/maksymkriventsev/.m2/repository/org/apache/commons/commons-lang3/3.4/commons-lang3-3.4.jar:/Users/maksymkriventsev/.m2/repository/javax/xml/bind/jaxb-api/2.3.1/jaxb-api-2.3.1.jar:/Users/maksymkriventsev/.m2/repository/javax/activation/javax.activation-api/1.2.0/javax.activation-api-1.2.0.jar:/Users/maksymkriventsev/.m2/repository/com/sun/xml/bind/jaxb-osgi/2.3.0.1/jaxb-osgi-2.3.0.1.jar:/Users/maksymkriventsev/.m2/repository/org/apache/sling/org.apache.sling.javax.activation/0.1.0/org.apache.sling.javax.activation-0.1.0.jar:/Users/maksymkriventsev/.m2/repository/javax/activation/activation/1.1.1/activation-1.1.1.jar:/Users/maksymkriventsev/.m2/repository/org/json/json/20090211/json-20090211.jar:/Users/maksymkriventsev/.m2/repository/io/rest-assured/json-schema-validator/4.1.2/json-schema-validator-4.1.2.jar:/Users/maksymkriventsev/.m2/repository/com/github/java-json-tools/json-schema-validator/2.2.10/json-schema-validator-2.2.10.jar:/Users/maksymkriventsev/.m2/repository/com/github/java-json-tools/json-schema-core/1.2.10/json-schema-core-1.2.10.jar:/Users/maksymkriventsev/.m2/repository/com/github/java-json-tools/jackson-coreutils/1.9/jackson-coreutils-1.9.jar:/Users/maksymkriventsev/.m2/repository/io/rest-assured/spring-mock-mvc/4.1.2/spring-mock-mvc-4.1.2.jar:/Users/maksymkriventsev/.m2/repository/io/rest-assured/spring-commons/4.1.2/spring-commons-4.1.2.jar:/Users/maksymkriventsev/.m2/repository/org/springframework/spring-test/4.3.23.RELEASE/spring-test-4.3.23.RELEASE.jar:/Users/maksymkriventsev/.m2/repository/org/springframework/spring-core/4.3.23.RELEASE/spring-core-4.3.23.RELEASE.jar:/Users/maksymkriventsev/.m2/repository/org/springframework/spring-webmvc/4.3.23.RELEASE/spring-webmvc-4.3.23.RELEASE.jar:/Users/maksymkriventsev/.m2/repository/org/springframework/spring-aop/4.3.23.RELEASE/spring-aop-4.3.23.RELEASE.jar:/Users/maksymkriventsev/.m2/repository/org/springframework/spring-beans/4.3.23.RELEASE/spring-beans-4.3.23.RELEASE.jar:/Users/maksymkriventsev/.m2/repository/org/springframework/spring-expression/4.3.23.RELEASE/spring-expression-4.3.23.RELEASE.jar:/Users/maksymkriventsev/.m2/repository/org/springframework/spring-web/4.3.23.RELEASE/spring-web-4.3.23.RELEASE.jar:/Users/maksymkriventsev/.m2/repository/io/rest-assured/spring-web-test-client/4.1.2/spring-web-test-client-4.1.2.jar:/Users/maksymkriventsev/.m2/repository/org/springframework/spring-context/5.1.0.RELEASE/spring-context-5.1.0.RELEASE.jar:/Users/maksymkriventsev/.m2/repository/org/springframework/spring-webflux/5.1.0.RELEASE/spring-webflux-5.1.0.RELEASE.jar:/Users/maksymkriventsev/.m2/repository/io/projectreactor/reactor-core/3.2.0.RELEASE/reactor-core-3.2.0.RELEASE.jar:/Users/maksymkriventsev/.m2/repository/org/reactivestreams/reactive-streams/1.0.2/reactive-streams-1.0.2.jar:/Users/maksymkriventsev/.m2/repository/com/github/fge/json-schema-validator/2.2.6/json-schema-validator-2.2.6.jar:/Users/maksymkriventsev/.m2/repository/com/google/code/findbugs/jsr305/3.0.0/jsr305-3.0.0.jar:/Users/maksymkriventsev/.m2/repository/joda-time/joda-time/2.3/joda-time-2.3.jar:/Users/maksymkriventsev/.m2/repository/com/googlecode/libphonenumber/libphonenumber/6.2/libphonenumber-6.2.jar:/Users/maksymkriventsev/.m2/repository/javax/mail/mailapi/1.4.3/mailapi-1.4.3.jar:/Users/maksymkriventsev/.m2/repository/net/sf/jopt-simple/jopt-simple/4.6/jopt-simple-4.6.jar:/Users/maksymkriventsev/.m2/repository/com/github/fge/json-schema-core/1.2.5/json-schema-core-1.2.5.jar:/Users/maksymkriventsev/.m2/repository/com/github/fge/uri-template/0.9/uri-template-0.9.jar:/Users/maksymkriventsev/.m2/repository/com/github/fge/msg-simple/1.1/msg-simple-1.1.jar:/Users/maksymkriventsev/.m2/repository/com/github/fge/btf/1.2/btf-1.2.jar:/Users/maksymkriventsev/.m2/repository/com/google/guava/guava/16.0.1/guava-16.0.1.jar:/Users/maksymkriventsev/.m2/repository/com/github/fge/jackson-coreutils/1.8/jackson-coreutils-1.8.jar:/Users/maksymkriventsev/.m2/repository/com/fasterxml/jackson/core/jackson-databind/2.2.3/jackson-databind-2.2.3.jar:/Users/maksymkriventsev/.m2/repository/com/fasterxml/jackson/core/jackson-annotations/2.2.3/jackson-annotations-2.2.3.jar:/Users/maksymkriventsev/.m2/repository/com/fasterxml/jackson/core/jackson-core/2.2.3/jackson-core-2.2.3.jar:/Users/maksymkriventsev/.m2/repository/org/mozilla/rhino/1.7R4/rhino-1.7R4.jar:/Users/maksymkriventsev/.m2/repository/org/basex/basex/8.6.7/basex-8.6.7.jar:/Users/maksymkriventsev/.m2/repository/com/googlecode/json-simple/json-simple/1.1.1/json-simple-1.1.1.jar:/Users/maksymkriventsev/.m2/repository/com/github/javafaker/javafaker/1.0.1/javafaker-1.0.1.jar:/Users/maksymkriventsev/.m2/repository/org/yaml/snakeyaml/1.23/snakeyaml-1.23-android.jar:/Users/maksymkriventsev/.m2/repository/com/github/mifmif/generex/1.0.2/generex-1.0.2.jar:/Users/maksymkriventsev/.m2/repository/dk/brics/automaton/automaton/1.11-8/automaton-1.11-8.jar:/Users/maksymkriventsev/.m2/repository/org/assertj/assertj-core/3.8.0/assertj-core-3.8.0.jar:"/>
    <property name="sun.cpu.endian" value="little"/>
    <property name="user.home" value="/Users/maksymkriventsev"/>
    <property name="user.language" value="en"/>
    <property name="java.specification.vendor" value="Oracle Corporation"/>
    <property name="java.home" value="/Library/Java/JavaVirtualMachines/jdk1.8.0_221.jdk/Contents/Home/jre"/>
    <property name="basedir" value="/Users/maksymkriventsev/IdeaProjects/STFU"/>
    <property name="file.separator" value="/"/>
    <property name="line.separator" value="&#10;"/>
    <property name="java.vm.specification.vendor" value="Oracle Corporation"/>
    <property name="java.specification.name" value="Java Platform API Specification"/>
    <property name="java.awt.graphicsenv" value="sun.awt.CGraphicsEnvironment"/>
    <property name="surefire.real.class.path" value="/Users/maksymkriventsev/IdeaProjects/STFU/target/surefire/surefirebooter8609918739277764300.jar"/>
    <property name="sun.boot.class.path" value="/Library/Java/JavaVirtualMachines/jdk1.8.0_221.jdk/Contents/Home/jre/lib/resources.jar:/Library/Java/JavaVirtualMachines/jdk1.8.0_221.jdk/Contents/Home/jre/lib/rt.jar:/Library/Java/JavaVirtualMachines/jdk1.8.0_221.jdk/Contents/Home/jre/lib/sunrsasign.jar:/Library/Java/JavaVirtualMachines/jdk1.8.0_221.jdk/Contents/Home/jre/lib/jsse.jar:/Library/Java/JavaVirtualMachines/jdk1.8.0_221.jdk/Contents/Home/jre/lib/jce.jar:/Library/Java/JavaVirtualMachines/jdk1.8.0_221.jdk/Contents/Home/jre/lib/charsets.jar:/Library/Java/JavaVirtualMachines/jdk1.8.0_221.jdk/Contents/Home/jre/lib/jfr.jar:/Library/Java/JavaVirtualMachines/jdk1.8.0_221.jdk/Contents/Home/jre/classes"/>
    <property name="sun.management.compiler" value="HotSpot 64-Bit Tiered Compilers"/>
    <property name="ftp.nonProxyHosts" value="local|*.local|169.254/16|*.169.254/16"/>
    <property name="java.runtime.version" value="1.8.0_221-b11"/>
    <property name="user.name" value="maksymkriventsev"/>
    <property name="path.separator" value=":"/>
    <property name="os.version" value="10.14.6"/>
    <property name="java.endorsed.dirs" value="/Library/Java/JavaVirtualMachines/jdk1.8.0_221.jdk/Contents/Home/jre/lib/endorsed"/>
    <property name="java.runtime.name" value="Java(TM) SE Runtime Environment"/>
    <property name="file.encoding" value="UTF-8"/>
    <property name="java.vm.name" value="Java HotSpot(TM) 64-Bit Server VM"/>
    <property name="localRepository" value="/Users/maksymkriventsev/.m2/repository"/>
    <property name="java.vendor.url.bug" value="http://bugreport.sun.com/bugreport/"/>
    <property name="java.io.tmpdir" value="/var/folders/k_/43l10l7n0qzclm00dkysb2hw0000gn/T/"/>
    <property name="java.version" value="1.8.0_221"/>
    <property name="user.dir" value="/Users/maksymkriventsev/IdeaProjects/STFU"/>
    <property name="os.arch" value="x86_64"/>
    <property name="java.vm.specification.name" value="Java Virtual Machine Specification"/>
    <property name="java.awt.printerjob" value="sun.lwawt.macosx.CPrinterJob"/>
    <property name="sun.os.patch.level" value="unknown"/>
    <property name="java.library.path" value="/Users/maksymkriventsev/Library/Java/Extensions:/Library/Java/Extensions:/Network/Library/Java/Extensions:/System/Library/Java/Extensions:/usr/lib/java:."/>
    <property name="java.vm.info" value="mixed mode"/>
    <property name="java.vendor" value="Oracle Corporation"/>
    <property name="java.vm.version" value="25.221-b11"/>
    <property name="java.ext.dirs" value="/Users/maksymkriventsev/Library/Java/Extensions:/Library/Java/JavaVirtualMachines/jdk1.8.0_221.jdk/Contents/Home/jre/lib/ext:/Library/Java/Extensions:/Network/Library/Java/Extensions:/System/Library/Java/Extensions:/usr/lib/java"/>
    <property name="sun.io.unicode.encoding" value="UnicodeBig"/>
    <property name="java.class.version" value="52.0"/>
    <property name="socksNonProxyHosts" value="local|*.local|169.254/16|*.169.254/16"/>
  </properties>
  <testcase name="verifyGetLeaderboardJSONSchemaAndStatusCode" classname="com.slotegrator.api.STFUAPITests" time="7.766"/>
  <testcase name="verifyPostClickJSONSchemaAndStatusCode" classname="com.slotegrator.api.STFUAPITests" time="1.111">
    <failure message="1 expectation failed.&#10;Expected status code &lt;200&gt; but was &lt;400&gt;.&#10;" type="java.lang.AssertionError"><![CDATA[java.lang.AssertionError: 
1 expectation failed.
Expected status code <200> but was <400>.

	at com.slotegrator.api.STFUAPITests.verifyPostClickJSONSchemaAndStatusCode(STFUAPITests.java:61)
]]></failure>
    <system-out><![CDATA[2. [REQUEST] post /klik
Request method:	POST
Request URI:	https://klikuj.herokuapp.com/api/v1/klik
Proxy:			<none>
Request params:	team=TeamName
				session=session_name
Query params:	<none>
Form params:	<none>
Path params:	<none>
Headers:		Accept=application/json, application/javascript, text/javascript, text/json
				Content-Type=application/json; charset=UTF-8
Cookies:		<none>
Multiparts:		<none>
Body:			<none>
2. [RESPONSE] post /klik
{
    "code": "InvalidContent",
    "message": "Invalid JSON: Unexpected token e in JSON at position 1"
}
]]></system-out>
  </testcase>
  <testcase name="checkNoOfClicksIsGreaterAfterClick" classname="com.slotegrator.api.STFUAPITests" time="3.288"/>
</testsuite>